\BOOKMARK [1][-]{section.1}{\376\377\000I\000n\000t\000r\000o\000d\000u\000c\000t\000i\000o\000n}{}% 1
\BOOKMARK [1][-]{section.2}{\376\377\000P\000r\000e\000l\000i\000m\000i\000n\000a\000r\000i\000e\000s}{}% 2
\BOOKMARK [2][-]{subsection.2.1}{\376\377\000D\000e\000f\000i\000n\000i\000t\000i\000o\000n\000s}{section.2}% 3
\BOOKMARK [2][-]{subsection.2.2}{\376\377\000C\000u\000r\000r\000e\000n\000t\000\040\000S\000t\000a\000t\000e\000\040\000o\000f\000\040\000P\000e\000t\000r\000i\000\040\000N\000e\000t\000\040\000M\000o\000d\000e\000l\000i\000n\000g}{section.2}% 4
\BOOKMARK [3][-]{subsubsection.2.2.1}{\376\377\000P\000e\000t\000r\000i\000\040\000N\000e\000t\000\040\000M\000a\000r\000k\000u\000p\000\040\000L\000a\000n\000g\000u\000a\000g\000e\000\040\000\050\000P\000N\000M\000L\000\051}{subsection.2.2}% 5
\BOOKMARK [3][-]{subsubsection.2.2.2}{\376\377\000E\000x\000i\000s\000t\000i\000n\000g\000\040\000T\000o\000o\000l\000s\000\040\000a\000n\000d\000\040\000M\000o\000d\000e\000l\000i\000n\000g\000\040\000P\000l\000a\000t\000f\000o\000r\000m\000s}{subsection.2.2}% 6
\BOOKMARK [2][-]{subsection.2.3}{\376\377\000O\000b\000j\000e\000c\000t\000i\000v\000e\000s\000\040\000o\000f\000\040\000t\000h\000e\000\040\000T\000h\000e\000s\000i\000s\000\040\000i\000n\000\040\000C\000o\000n\000t\000e\000x\000t}{section.2}% 7
\BOOKMARK [1][-]{section.3}{\376\377\000P\000e\000t\000r\000i\000\040\000N\000e\000t\000\040\000D\000e\000s\000c\000r\000i\000p\000t\000i\000o\000n\000\040\000L\000a\000n\000g\000u\000a\000g\000e}{}% 8
\BOOKMARK [2][-]{subsection.3.1}{\376\377\000C\000o\000m\000p\000i\000l\000a\000t\000i\000o\000n\000\040\000i\000n\000\040\000H\000a\000s\000k\000e\000l\000l}{section.3}% 9
\BOOKMARK [2][-]{subsection.3.2}{\376\377\000G\000o\000L\000a\000n\000g}{section.3}% 10
\BOOKMARK [2][-]{subsection.3.3}{\376\377\000I\000m\000p\000l\000e\000m\000e\000n\000t\000a\000t\000i\000o\000n}{section.3}% 11
\BOOKMARK [3][-]{subsubsection.3.3.1}{\376\377\000T\000h\000e\000\040\000P\000N\000D\000L\000\040\000L\000a\000n\000g\000u\000a\000g\000e}{subsection.3.3}% 12
\BOOKMARK [3][-]{subsubsection.3.3.2}{\376\377\000T\000h\000e\000\040\000I\000n\000t\000e\000r\000f\000a\000c\000e\000\040\000o\000f\000\040\000t\000h\000e\000\040\000P\000r\000o\000j\000e\000c\000t}{subsection.3.3}% 13
\BOOKMARK [3][-]{subsubsection.3.3.3}{\376\377\000C\000o\000m\000p\000i\000l\000e\000\040\000c\000o\000m\000m\000a\000n\000d}{subsection.3.3}% 14
\BOOKMARK [3][-]{subsubsection.3.3.4}{\376\377\000G\000e\000n\000e\000r\000a\000t\000e\000-\000G\000o\000\040\000c\000o\000m\000m\000n\000a\000n\000d}{subsection.3.3}% 15
\BOOKMARK [3][-]{subsubsection.3.3.5}{\376\377\000G\000r\000a\000p\000h\000V\000i\000z\000\040\000G\000e\000n\000e\000r\000a\000t\000i\000o\000n}{subsection.3.3}% 16
\BOOKMARK [2][-]{subsection.3.4}{\376\377\000C\000o\000m\000p\000a\000r\000i\000s\000o\000n\000\040\000w\000i\000t\000h\000\040\000E\000x\000i\000s\000t\000i\000n\000g\000\040\000T\000o\000o\000l\000s}{section.3}% 17
\BOOKMARK [2][-]{subsection.3.5}{\376\377\000T\000e\000s\000t\000i\000n\000g\000\040\000t\000h\000e\000\040\000P\000r\000o\000j\000e\000c\000t\000\040\000w\000i\000t\000h\000\040\000E\000x\000a\000m\000p\000l\000e\000s}{section.3}% 18
\BOOKMARK [3][-]{subsubsection.3.5.1}{\376\377\000I\000n\000h\000i\000b\000i\000t\000e\000d\000\040\000A\000r\000c\000s}{subsection.3.5}% 19
\BOOKMARK [3][-]{subsubsection.3.5.2}{\376\377\000C\000o\000l\000o\000u\000r\000e\000d\000\040\000t\000o\000k\000e\000n\000s}{subsection.3.5}% 20
\BOOKMARK [3][-]{subsubsection.3.5.3}{\376\377\000T\000i\000m\000e\000d\000\040\000t\000r\000a\000n\000s\000i\000t\000i\000o\000n\000s}{subsection.3.5}% 21
\BOOKMARK [3][-]{subsubsection.3.5.4}{\376\377\000H\000i\000g\000h\000l\000e\000v\000e\000l\000\040\000n\000e\000t\000s}{subsection.3.5}% 22
\BOOKMARK [2][-]{subsection.3.6}{\376\377\000T\000e\000s\000t\000i\000n\000g\000\040\000t\000h\000e\000\040\000L\000i\000m\000i\000t\000s\000\040\000o\000f\000\040\000t\000h\000e\000\040\000T\000o\000o\000l}{section.3}% 23
\BOOKMARK [3][-]{subsubsection.3.6.1}{\376\377\000P\000a\000r\000a\000m\000e\000t\000r\000i\000z\000e\000d\000\040\000E\000x\000p\000a\000n\000s\000i\000o\000n\000\040\000O\000v\000e\000r\000h\000e\000a\000d}{subsection.3.6}% 24
\BOOKMARK [3][-]{subsubsection.3.6.2}{\376\377\000I\000n\000t\000e\000g\000e\000r\000\040\000O\000v\000e\000r\000f\000l\000o\000w\000\040\000i\000n\000\040\000G\000o\000\040\000B\000a\000c\000k\000e\000n\000d}{subsection.3.6}% 25
